Removed Pin From Net: NetName=GND Pin=U2-1
Removed Pin From Net: NetName=NetC2_2 Pin=U2-2
Removed Pin From Net: NetName=NetU1_14 Pin=U2-3
Removed Pin From Net: NetName=VCC Pin=U2-4
Removed Pin From Net: NetName=NetC2_2 Pin=U2-6
Removed Pin From Net: NetName=NetR11_1 Pin=U2-7
Removed Pin From Net: NetName=VCC Pin=U2-8
Added Component: Designator=U??(DIP794W45P254L959H508Q8)
Add component (AddParameter): Name = "Availability"; Value = "Unavailable"; VariantName = "[No Variations]"
Add component (AddParameter): Name = "MF"; Value = ""; VariantName = "[No Variations]"
Add component (AddParameter): Name = "MP"; Value = "NE555P"; VariantName = "[No Variations]"
Add component (AddParameter): Name = "Package"; Value = "None"; VariantName = "[No Variations]"
Add component (AddParameter): Name = "Price"; Value = "None"; VariantName = "[No Variations]"
Add component (AddParameter): Name = "Value"; Value = ""; VariantName = "[No Variations]"
Added Pin To Net: NetName=GND Pin=U??-1
Added Pin To Net: NetName=NetC2_2 Pin=U??-2
Added Pin To Net: NetName=NetU1_14 Pin=U??-3
Added Pin To Net: NetName=VCC Pin=U??-4
Added Pin To Net: NetName=NetC2_2 Pin=U??-6
Added Pin To Net: NetName=NetR11_1 Pin=U??-7
Added Pin To Net: NetName=VCC Pin=U??-8
