Added Component: Designator=J1(2828362)
Add component (AddParameter): Name = "Arrow Part Number"; Value = "282836-2"; VariantName = "[No Variations]"
Add component (AddParameter): Name = "Arrow Price/Stock"; Value = "https://www.arrow.com/en/products/282836-2/te-connectivity?region=nac"; VariantName = "[No Variations]"
Add component (AddParameter): Name = "Datasheet Link"; Value = "https://www.te.com/commerce/DocumentDelivery/DDEController?Action=showdoc&DocId=Customer+Drawing%7F282836%7FJ%7Fpdf%7FEnglish%7FENG_CD_282836_J.pdf%7F282836-2"; VariantName = "[No Variations]"
Add component (AddParameter): Name = "Height"; Value = "10mm"; VariantName = "[No Variations]"
Add component (AddParameter): Name = "Manufacturer_Name"; Value = "TE Connectivity"; VariantName = "[No Variations]"
Add component (AddParameter): Name = "Manufacturer_Part_Number"; Value = "282836-2"; VariantName = "[No Variations]"
Add component (AddParameter): Name = "Mouser Part Number"; Value = "571-2828362"; VariantName = "[No Variations]"
Add component (AddParameter): Name = "Mouser Price/Stock"; Value = "https://www.mouser.co.uk/ProductDetail/TE-Connectivity/282836-2?qs=A%252Bip%252BNCYi6Ohx9vaQ1l4dg%3D%3D"; VariantName = "[No Variations]"
Added Component: Designator=J2(2828362)
Add component (AddParameter): Name = "Arrow Part Number"; Value = "282836-2"; VariantName = "[No Variations]"
Add component (AddParameter): Name = "Arrow Price/Stock"; Value = "https://www.arrow.com/en/products/282836-2/te-connectivity?region=nac"; VariantName = "[No Variations]"
Add component (AddParameter): Name = "Datasheet Link"; Value = "https://www.te.com/commerce/DocumentDelivery/DDEController?Action=showdoc&DocId=Customer+Drawing%7F282836%7FJ%7Fpdf%7FEnglish%7FENG_CD_282836_J.pdf%7F282836-2"; VariantName = "[No Variations]"
Add component (AddParameter): Name = "Height"; Value = "10mm"; VariantName = "[No Variations]"
Add component (AddParameter): Name = "Manufacturer_Name"; Value = "TE Connectivity"; VariantName = "[No Variations]"
Add component (AddParameter): Name = "Manufacturer_Part_Number"; Value = "282836-2"; VariantName = "[No Variations]"
Add component (AddParameter): Name = "Mouser Part Number"; Value = "571-2828362"; VariantName = "[No Variations]"
Add component (AddParameter): Name = "Mouser Price/Stock"; Value = "https://www.mouser.co.uk/ProductDetail/TE-Connectivity/282836-2?qs=A%252Bip%252BNCYi6Ohx9vaQ1l4dg%3D%3D"; VariantName = "[No Variations]"
Added Component: Designator=J3(2828362)
Add component (AddParameter): Name = "Arrow Part Number"; Value = "282836-2"; VariantName = "[No Variations]"
Add component (AddParameter): Name = "Arrow Price/Stock"; Value = "https://www.arrow.com/en/products/282836-2/te-connectivity?region=nac"; VariantName = "[No Variations]"
Add component (AddParameter): Name = "Datasheet Link"; Value = "https://www.te.com/commerce/DocumentDelivery/DDEController?Action=showdoc&DocId=Customer+Drawing%7F282836%7FJ%7Fpdf%7FEnglish%7FENG_CD_282836_J.pdf%7F282836-2"; VariantName = "[No Variations]"
Add component (AddParameter): Name = "Height"; Value = "10mm"; VariantName = "[No Variations]"
Add component (AddParameter): Name = "Manufacturer_Name"; Value = "TE Connectivity"; VariantName = "[No Variations]"
Add component (AddParameter): Name = "Manufacturer_Part_Number"; Value = "282836-2"; VariantName = "[No Variations]"
Add component (AddParameter): Name = "Mouser Part Number"; Value = "571-2828362"; VariantName = "[No Variations]"
Add component (AddParameter): Name = "Mouser Price/Stock"; Value = "https://www.mouser.co.uk/ProductDetail/TE-Connectivity/282836-2?qs=A%252Bip%252BNCYi6Ohx9vaQ1l4dg%3D%3D"; VariantName = "[No Variations]"
Added Component: Designator=MD1(113990105)
Add component (AddParameter): Name = "Arrow Part Number"; Value = "113990105"; VariantName = "[No Variations]"
Add component (AddParameter): Name = "Arrow Price/Stock"; Value = "https://www.arrow.com/en/products/113990105/seeed-technology-limited?region=nac"; VariantName = "[No Variations]"
Add component (AddParameter): Name = "Datasheet Link"; Value = "https://www.seeedstudio.com/NodeMCU-v2-Lua-based-ESP8266-development-kit.html"; VariantName = "[No Variations]"
Add component (AddParameter): Name = "Height"; Value = "7.35mm"; VariantName = "[No Variations]"
Add component (AddParameter): Name = "Manufacturer_Name"; Value = "Seeed Studio"; VariantName = "[No Variations]"
Add component (AddParameter): Name = "Manufacturer_Part_Number"; Value = "113990105"; VariantName = "[No Variations]"
Add component (AddParameter): Name = "Mouser Part Number"; Value = "713-113990105"; VariantName = "[No Variations]"
Add component (AddParameter): Name = "Mouser Price/Stock"; Value = "https://www.mouser.co.uk/ProductDetail/Seeed-Studio/113990105?qs=SElPoaY2y5KMx8k1roAIKw%3D%3D"; VariantName = "[No Variations]"
Added Component: Designator=P1(HDR1X2)
Add component (AddParameter): Name = "LatestRevisionDate"; Value = "17-Jul-2002"; VariantName = "[No Variations]"
Add component (AddParameter): Name = "LatestRevisionNote"; Value = "Re-released for DXP Platform."; VariantName = "[No Variations]"
Add component (AddParameter): Name = "Publisher"; Value = "Altium Limited"; VariantName = "[No Variations]"
Added Component: Designator=P2(HDR1X2)
Add component (AddParameter): Name = "LatestRevisionDate"; Value = "17-Jul-2002"; VariantName = "[No Variations]"
Add component (AddParameter): Name = "LatestRevisionNote"; Value = "Re-released for DXP Platform."; VariantName = "[No Variations]"
Add component (AddParameter): Name = "Publisher"; Value = "Altium Limited"; VariantName = "[No Variations]"
Added Component: Designator=P3(HDR1X2)
Add component (AddParameter): Name = "LatestRevisionDate"; Value = "17-Jul-2002"; VariantName = "[No Variations]"
Add component (AddParameter): Name = "LatestRevisionNote"; Value = "Re-released for DXP Platform."; VariantName = "[No Variations]"
Add component (AddParameter): Name = "Publisher"; Value = "Altium Limited"; VariantName = "[No Variations]"
Added Component: Designator=P4(HDR1X2)
Add component (AddParameter): Name = "LatestRevisionDate"; Value = "17-Jul-2002"; VariantName = "[No Variations]"
Add component (AddParameter): Name = "LatestRevisionNote"; Value = "Re-released for DXP Platform."; VariantName = "[No Variations]"
Add component (AddParameter): Name = "Publisher"; Value = "Altium Limited"; VariantName = "[No Variations]"
Added Component: Designator=P5(HDR1X2)
Add component (AddParameter): Name = "LatestRevisionDate"; Value = "17-Jul-2002"; VariantName = "[No Variations]"
Add component (AddParameter): Name = "LatestRevisionNote"; Value = "Re-released for DXP Platform."; VariantName = "[No Variations]"
Add component (AddParameter): Name = "Publisher"; Value = "Altium Limited"; VariantName = "[No Variations]"
Added Component: Designator=P6(HDR1X2)
Add component (AddParameter): Name = "LatestRevisionDate"; Value = "17-Jul-2002"; VariantName = "[No Variations]"
Add component (AddParameter): Name = "LatestRevisionNote"; Value = "Re-released for DXP Platform."; VariantName = "[No Variations]"
Add component (AddParameter): Name = "Publisher"; Value = "Altium Limited"; VariantName = "[No Variations]"
Added Component: Designator=P7(HDR1X2)
Add component (AddParameter): Name = "LatestRevisionDate"; Value = "17-Jul-2002"; VariantName = "[No Variations]"
Add component (AddParameter): Name = "LatestRevisionNote"; Value = "Re-released for DXP Platform."; VariantName = "[No Variations]"
Add component (AddParameter): Name = "Publisher"; Value = "Altium Limited"; VariantName = "[No Variations]"
Added Component: Designator=P8(HDR1X2)
Add component (AddParameter): Name = "LatestRevisionDate"; Value = "17-Jul-2002"; VariantName = "[No Variations]"
Add component (AddParameter): Name = "LatestRevisionNote"; Value = "Re-released for DXP Platform."; VariantName = "[No Variations]"
Add component (AddParameter): Name = "Publisher"; Value = "Altium Limited"; VariantName = "[No Variations]"
Added Component: Designator=P9(HDR1X4)
Add component (AddParameter): Name = "LatestRevisionDate"; Value = "17-Jul-2002"; VariantName = "[No Variations]"
Add component (AddParameter): Name = "LatestRevisionNote"; Value = "Re-released for DXP Platform."; VariantName = "[No Variations]"
Add component (AddParameter): Name = "Publisher"; Value = "Altium Limited"; VariantName = "[No Variations]"
Added Component: Designator=P10(HDR1X4)
Add component (AddParameter): Name = "LatestRevisionDate"; Value = "17-Jul-2002"; VariantName = "[No Variations]"
Add component (AddParameter): Name = "LatestRevisionNote"; Value = "Re-released for DXP Platform."; VariantName = "[No Variations]"
Add component (AddParameter): Name = "Publisher"; Value = "Altium Limited"; VariantName = "[No Variations]"
Added Component: Designator=P11(HDR1X4)
Add component (AddParameter): Name = "LatestRevisionDate"; Value = "17-Jul-2002"; VariantName = "[No Variations]"
Add component (AddParameter): Name = "LatestRevisionNote"; Value = "Re-released for DXP Platform."; VariantName = "[No Variations]"
Add component (AddParameter): Name = "Publisher"; Value = "Altium Limited"; VariantName = "[No Variations]"
Added Component: Designator=P12(HDR1X7)
Add component (AddParameter): Name = "LatestRevisionDate"; Value = "17-Jul-2002"; VariantName = "[No Variations]"
Add component (AddParameter): Name = "LatestRevisionNote"; Value = "Re-released for DXP Platform."; VariantName = "[No Variations]"
Add component (AddParameter): Name = "Publisher"; Value = "Altium Limited"; VariantName = "[No Variations]"
Added Component: Designator=P13(HDR1X7)
Add component (AddParameter): Name = "LatestRevisionDate"; Value = "17-Jul-2002"; VariantName = "[No Variations]"
Add component (AddParameter): Name = "LatestRevisionNote"; Value = "Re-released for DXP Platform."; VariantName = "[No Variations]"
Add component (AddParameter): Name = "Publisher"; Value = "Altium Limited"; VariantName = "[No Variations]"
Added Component: Designator=P14(HDR1X7)
Add component (AddParameter): Name = "LatestRevisionDate"; Value = "17-Jul-2002"; VariantName = "[No Variations]"
Add component (AddParameter): Name = "LatestRevisionNote"; Value = "Re-released for DXP Platform."; VariantName = "[No Variations]"
Add component (AddParameter): Name = "Publisher"; Value = "Altium Limited"; VariantName = "[No Variations]"
Added Component: Designator=P15(HDR1X5)
Add component (AddParameter): Name = "LatestRevisionDate"; Value = "17-Jul-2002"; VariantName = "[No Variations]"
Add component (AddParameter): Name = "LatestRevisionNote"; Value = "Re-released for DXP Platform."; VariantName = "[No Variations]"
Add component (AddParameter): Name = "Publisher"; Value = "Altium Limited"; VariantName = "[No Variations]"
Added Component: Designator=P16(HDR1X5)
Add component (AddParameter): Name = "LatestRevisionDate"; Value = "17-Jul-2002"; VariantName = "[No Variations]"
Add component (AddParameter): Name = "LatestRevisionNote"; Value = "Re-released for DXP Platform."; VariantName = "[No Variations]"
Add component (AddParameter): Name = "Publisher"; Value = "Altium Limited"; VariantName = "[No Variations]"
Added Component: Designator=P17(HDR1X5)
Add component (AddParameter): Name = "LatestRevisionDate"; Value = "17-Jul-2002"; VariantName = "[No Variations]"
Add component (AddParameter): Name = "LatestRevisionNote"; Value = "Re-released for DXP Platform."; VariantName = "[No Variations]"
Add component (AddParameter): Name = "Publisher"; Value = "Altium Limited"; VariantName = "[No Variations]"
Added Component: Designator=P18(HDR1X3)
Add component (AddParameter): Name = "LatestRevisionDate"; Value = "17-Jul-2002"; VariantName = "[No Variations]"
Add component (AddParameter): Name = "LatestRevisionNote"; Value = "Re-released for DXP Platform."; VariantName = "[No Variations]"
Add component (AddParameter): Name = "Publisher"; Value = "Altium Limited"; VariantName = "[No Variations]"
Added Component: Designator=PS1(HLKPM01)
Add component (AddParameter): Name = "Arrow Part Number"; Value = ""; VariantName = "[No Variations]"
Add component (AddParameter): Name = "Arrow Price/Stock"; Value = ""; VariantName = "[No Variations]"
Add component (AddParameter): Name = "Datasheet Link"; Value = "https://datasheet.lcsc.com/szlcsc/1906201102_HI-LINK-HLK-PM03_C209904.pdf"; VariantName = "[No Variations]"
Add component (AddParameter): Name = "Height"; Value = "15mm"; VariantName = "[No Variations]"
Add component (AddParameter): Name = "Manufacturer_Name"; Value = "Hi-Link"; VariantName = "[No Variations]"
Add component (AddParameter): Name = "Manufacturer_Part_Number"; Value = "HLK-PM01"; VariantName = "[No Variations]"
Add component (AddParameter): Name = "Mouser Part Number"; Value = ""; VariantName = "[No Variations]"
Add component (AddParameter): Name = "Mouser Price/Stock"; Value = ""; VariantName = "[No Variations]"
Added Component: Designator=R1(AXIAL-0.3)
Add component (AddParameter): Name = "LatestRevisionDate"; Value = "17-Jul-2002"; VariantName = "[No Variations]"
Add component (AddParameter): Name = "LatestRevisionNote"; Value = "Re-released for DXP Platform."; VariantName = "[No Variations]"
Add component (AddParameter): Name = "PackageDescription"; Value = "Axial Device, Thru-Hole; 2 Leads; 0.3 in Pin Spacing"; VariantName = "[No Variations]"
Add component (AddParameter): Name = "PackageReference"; Value = "AXIAL-0.3"; VariantName = "[No Variations]"
Add component (AddParameter): Name = "Published"; Value = "8-Jun-2000"; VariantName = "[No Variations]"
Add component (AddParameter): Name = "Publisher"; Value = "Altium Limited"; VariantName = "[No Variations]"
Add component (AddParameter): Name = "Value"; Value = "1K"; VariantName = "[No Variations]"
Added Pin To Net: NetName=+5 Pin=J2-2
Added Pin To Net: NetName=+5 Pin=MD1-15
Added Pin To Net: NetName=+5 Pin=P3-1
Added Pin To Net: NetName=+5 Pin=P5-1
Added Pin To Net: NetName=+5 Pin=P8-1
Added Pin To Net: NetName=+5 Pin=P9-1
Added Pin To Net: NetName=+5 Pin=P10-1
Added Pin To Net: NetName=+5 Pin=P11-1
Added Pin To Net: NetName=+5 Pin=P12-1
Added Pin To Net: NetName=+5 Pin=P13-1
Added Pin To Net: NetName=+5 Pin=P14-1
Added Pin To Net: NetName=+5 Pin=P15-1
Added Pin To Net: NetName=+5 Pin=P16-1
Added Pin To Net: NetName=+5 Pin=P17-1
Added Pin To Net: NetName=+5 Pin=PS1-4
Added Pin To Net: NetName=+5 Pin=R1-1
Added Net: Name=+5
Added Pin To Net: NetName=3V3 Pin=J3-1
Added Pin To Net: NetName=3V3 Pin=MD1-11
Added Pin To Net: NetName=3V3 Pin=MD1-16
Added Pin To Net: NetName=3V3 Pin=MD1-25
Added Pin To Net: NetName=3V3 Pin=P2-1
Added Pin To Net: NetName=3V3 Pin=P4-1
Added Pin To Net: NetName=3V3 Pin=P7-1
Added Pin To Net: NetName=3V3 Pin=P10-2
Added Pin To Net: NetName=3V3 Pin=P11-2
Added Pin To Net: NetName=3V3 Pin=P12-2
Added Pin To Net: NetName=3V3 Pin=P13-2
Added Pin To Net: NetName=3V3 Pin=P14-2
Added Pin To Net: NetName=3V3 Pin=P15-2
Added Pin To Net: NetName=3V3 Pin=P16-2
Added Pin To Net: NetName=3V3 Pin=P17-2
Added Pin To Net: NetName=3V3 Pin=P18-1
Added Net: Name=3V3
Added Pin To Net: NetName=A0 Pin=MD1-1
Added Pin To Net: NetName=A0 Pin=P18-2
Added Net: Name=A0
Added Pin To Net: NetName=CLK Pin=MD1-23
Added Pin To Net: NetName=CLK Pin=P12-6
Added Pin To Net: NetName=CLK Pin=P13-6
Added Pin To Net: NetName=CLK Pin=P14-6
Added Net: Name=CLK
Added Pin To Net: NetName=CS Pin=MD1-20
Added Pin To Net: NetName=CS Pin=P6-1
Added Pin To Net: NetName=CS Pin=P12-3
Added Pin To Net: NetName=CS Pin=P13-3
Added Pin To Net: NetName=CS Pin=P14-3
Added Net: Name=CS
Added Pin To Net: NetName=D0 Pin=MD1-30
Added Pin To Net: NetName=D0 Pin=P9-2
Added Pin To Net: NetName=D0 Pin=R1-2
Added Net: Name=D0
Added Pin To Net: NetName=D3 Pin=MD1-27
Added Pin To Net: NetName=D3 Pin=P10-3
Added Net: Name=D3
Added Pin To Net: NetName=D4 Pin=MD1-26
Added Pin To Net: NetName=D4 Pin=P11-3
Added Net: Name=D4
Added Pin To Net: NetName=GND Pin=J2-1
Added Pin To Net: NetName=GND Pin=J3-2
Added Pin To Net: NetName=GND Pin=MD1-10
Added Pin To Net: NetName=GND Pin=MD1-14
Added Pin To Net: NetName=GND Pin=MD1-17
Added Pin To Net: NetName=GND Pin=MD1-24
Added Pin To Net: NetName=GND Pin=P2-2
Added Pin To Net: NetName=GND Pin=P3-2
Added Pin To Net: NetName=GND Pin=P4-2
Added Pin To Net: NetName=GND Pin=P5-2
Added Pin To Net: NetName=GND Pin=P7-2
Added Pin To Net: NetName=GND Pin=P8-2
Added Pin To Net: NetName=GND Pin=P9-4
Added Pin To Net: NetName=GND Pin=P10-4
Added Pin To Net: NetName=GND Pin=P11-4
Added Pin To Net: NetName=GND Pin=P12-7
Added Pin To Net: NetName=GND Pin=P13-7
Added Pin To Net: NetName=GND Pin=P14-7
Added Pin To Net: NetName=GND Pin=P15-5
Added Pin To Net: NetName=GND Pin=P16-5
Added Pin To Net: NetName=GND Pin=P17-5
Added Pin To Net: NetName=GND Pin=P18-3
Added Pin To Net: NetName=GND Pin=PS1-3
Added Net: Name=GND
Added Pin To Net: NetName=MISO Pin=MD1-22
Added Pin To Net: NetName=MISO Pin=P12-5
Added Pin To Net: NetName=MISO Pin=P13-5
Added Pin To Net: NetName=MISO Pin=P14-5
Added Net: Name=MISO
Added Pin To Net: NetName=MOSI Pin=MD1-21
Added Pin To Net: NetName=MOSI Pin=P6-2
Added Pin To Net: NetName=MOSI Pin=P12-4
Added Pin To Net: NetName=MOSI Pin=P13-4
Added Pin To Net: NetName=MOSI Pin=P14-4
Added Net: Name=MOSI
Added Pin To Net: NetName=NetJ1_1 Pin=J1-1
Added Pin To Net: NetName=NetJ1_1 Pin=PS1-2
Added Net: Name=NetJ1_1
Added Pin To Net: NetName=NetJ1_2 Pin=J1-2
Added Pin To Net: NetName=NetJ1_2 Pin=PS1-1
Added Net: Name=NetJ1_2
Added Pin To Net: NetName=RX Pin=MD1-19
Added Pin To Net: NetName=RX Pin=P1-2
Added Net: Name=RX
Added Pin To Net: NetName=SCL Pin=MD1-29
Added Pin To Net: NetName=SCL Pin=P15-4
Added Pin To Net: NetName=SCL Pin=P16-4
Added Pin To Net: NetName=SCL Pin=P17-4
Added Net: Name=SCL
Added Pin To Net: NetName=SDA Pin=MD1-28
Added Pin To Net: NetName=SDA Pin=P15-3
Added Pin To Net: NetName=SDA Pin=P16-3
Added Pin To Net: NetName=SDA Pin=P17-3
Added Net: Name=SDA
Added Pin To Net: NetName=TX Pin=MD1-18
Added Pin To Net: NetName=TX Pin=P1-1
Added Net: Name=TX
Added Member To Class: ClassName=NodeMCUProject Member=Component J1 282836-2
Added Member To Class: ClassName=NodeMCUProject Member=Component J2 282836-2
Added Member To Class: ClassName=NodeMCUProject Member=Component J3 282836-2
Added Member To Class: ClassName=NodeMCUProject Member=Component MD1 113990105
Added Member To Class: ClassName=NodeMCUProject Member=Component P1 Serial 1
Added Member To Class: ClassName=NodeMCUProject Member=Component P2 3V3
Added Member To Class: ClassName=NodeMCUProject Member=Component P3 5V
Added Member To Class: ClassName=NodeMCUProject Member=Component P4 3V3
Added Member To Class: ClassName=NodeMCUProject Member=Component P5 5V
Added Member To Class: ClassName=NodeMCUProject Member=Component P6 serial 2
Added Member To Class: ClassName=NodeMCUProject Member=Component P7 3V3
Added Member To Class: ClassName=NodeMCUProject Member=Component P8 5V
Added Member To Class: ClassName=NodeMCUProject Member=Component P9 Header 4
Added Member To Class: ClassName=NodeMCUProject Member=Component P10 RELAY 1
Added Member To Class: ClassName=NodeMCUProject Member=Component P11 RELAY 2
Added Member To Class: ClassName=NodeMCUProject Member=Component P12 SPI1
Added Member To Class: ClassName=NodeMCUProject Member=Component P13 SPI2
Added Member To Class: ClassName=NodeMCUProject Member=Component P14 SPI3
Added Member To Class: ClassName=NodeMCUProject Member=Component P15 I2C1
Added Member To Class: ClassName=NodeMCUProject Member=Component P16 I2C2
Added Member To Class: ClassName=NodeMCUProject Member=Component P17 I2C3
Added Member To Class: ClassName=NodeMCUProject Member=Component P18 Analog
Added Member To Class: ClassName=NodeMCUProject Member=Component PS1 HLK-PM01
Added Member To Class: ClassName=NodeMCUProject Member=Component R1 Res1
Added Room: Name=NodeMCUProject
